2020-12-30 01:15:23,657 DEBUG [Main.lambda$run$0] Arguments: [-ioc, C:\Users\esamp\Documents\SinESC\Wing Edition\SinESC_Wing_1.0A\SinESC_Wing_1.0A\SinESC_Wing_1.0A.ioc, -xdm, C:\Users\esamp\Documents\SinESC\Wing Edition\SinESC_Wing_1.0A\SinESC_Wing_1.0A\SinESC_Wing_1.0A.wb_def]
2020-12-30 01:15:23,661 DEBUG [ArgsValue.readPropertiesFile] [AppConfig] pack.source = "C:\Program Files (x86)\STMicroelectronics\MC_SDK_5.4.4\Middlewares\ST\MotorControl" 
2020-12-30 01:15:23,662 DEBUG [ArgsValue.readPropertiesFile] [UserConfig] do not exist in "C:\Users\esamp\.st_motor_control\wb2mx.properties" 
2020-12-30 01:15:23,662 DEBUG [ArgsValue.getConfigProperties] pack.source = "../../../../Middlewares/ST/MotorControl"
2020-12-30 01:15:23,670 DEBUG [ArgsValue.lambda$retrieve$2] CLI_ARG[xdm]: C:\Users\esamp\Documents\SinESC\Wing Edition\SinESC_Wing_1.0A\SinESC_Wing_1.0A\SinESC_Wing_1.0A.wb_def
2020-12-30 01:15:23,670 DEBUG [ArgsValue.lambda$retrieve$2] CLI_ARG[ioc]: C:\Users\esamp\Documents\SinESC\Wing Edition\SinESC_Wing_1.0A\SinESC_Wing_1.0A\SinESC_Wing_1.0A.ioc
2020-12-30 01:15:23,672 DEBUG [ArgsValue.retrieve] {xdm=C:\Users\esamp\Documents\SinESC\Wing Edition\SinESC_Wing_1.0A\SinESC_Wing_1.0A\SinESC_Wing_1.0A.wb_def, updftl=templates/wb_ioc_mc-middleware.ftl, mx_timeout=-1, exp=templates/wb-defines_where_and_what.txt, ioc=C:\Users\esamp\Documents\SinESC\Wing Edition\SinESC_Wing_1.0A\SinESC_Wing_1.0A\SinESC_Wing_1.0A.ioc, pack=../../../../Middlewares/ST/MotorControl, ftl=templates/wb_ioc_template.ftl}
2020-12-30 01:15:23,762 DEBUG [Main.run] Targeted MCU family = F3
2020-12-30 01:15:23,800 DEBUG [Main.run] Minimum associated CubeMx to the `F3` targeted MCU family is `4.25.0-a0`
2020-12-30 01:15:23,814 DEBUG [WindowsCubeMxFinder.lambda$findThem$2] Found 64-bit subkey HKEY_LOCAL_MACHINE\~~~\Uninstall\STM32CubeMX
2020-12-30 01:15:23,821 DEBUG [CubeMxCtx.EXE_version] Loaded path: 'C:\Program Files\STMicroelectronics\STM32Cube\STM32CubeMX\STM32CubeMX.exe'
2020-12-30 01:15:23,821 DEBUG [CubeMxCtx.EXE_version] Loaded updater jar: 'C:\Program Files\STMicroelectronics\STM32Cube\STM32CubeMX\plugins\updater.jar'
2020-12-30 01:15:23,840 DEBUG [CubeMxCtx.EXE_version] Loaded path: 'C:\Program Files\STMicroelectronics\STM32Cube\STM32CubeMX\STM32CubeMX.exe'
2020-12-30 01:15:23,840 DEBUG [CubeMxCtx.EXE_version] Loaded updater jar: 'C:\Program Files\STMicroelectronics\STM32Cube\STM32CubeMX\plugins\updater.jar'
2020-12-30 01:15:23,857 DEBUG [CubeMxCtx.EXE_version] Loaded path: 'C:\Program Files\STMicroelectronics\STM32Cube\STM32CubeMX\STM32CubeMX.exe'
2020-12-30 01:15:23,857 DEBUG [CubeMxCtx.EXE_version] Loaded updater jar: 'C:\Program Files\STMicroelectronics\STM32Cube\STM32CubeMX\plugins\updater.jar'
2020-12-30 01:15:29,489 DEBUG [CubeMxCtx.EXE_version] Loaded path: 'C:\Program Files\STMicroelectronics\STM32Cube\STM32CubeMX\STM32CubeMX.exe'
2020-12-30 01:15:29,489 DEBUG [CubeMxCtx.EXE_version] Loaded updater jar: 'C:\Program Files\STMicroelectronics\STM32Cube\STM32CubeMX\plugins\updater.jar'
2020-12-30 01:15:29,550 DEBUG [EnvironmentChecker.checkPack] STM32CubeMX.Version: 5.6.1-RC1
2020-12-30 01:15:29,574 DEBUG [MxUpdaterFactory.lambda$create$2] failed first attempt to instantiate MxUpdater (v_27)
2020-12-30 01:15:30,067 DEBUG [MxUpdaterFactory.lambda$create$3] Updater instantiated
2020-12-30 01:15:30,070 DEBUG [MxUpdater.lambda$whait_while_busy$12] MxUpdater still busy - await for 50 milliseconds before to retry
2020-12-30 01:15:30,121 DEBUG [MxUpdater.lambda$whait_while_busy$12] MxUpdater still busy - await for 50 milliseconds before to retry
2020-12-30 01:15:30,172 DEBUG [MxUpdater.lambda$whait_while_busy$12] MxUpdater still busy - await for 50 milliseconds before to retry
2020-12-30 01:15:30,223 DEBUG [MxUpdater.lambda$whait_while_busy$12] MxUpdater still busy - await for 50 milliseconds before to retry
2020-12-30 01:15:30,274 DEBUG [MxUpdater.lambda$whait_while_busy$12] MxUpdater still busy - await for 50 milliseconds before to retry
2020-12-30 01:15:30,325 DEBUG [MxUpdater.lambda$whait_while_busy$12] MxUpdater still busy - await for 50 milliseconds before to retry
2020-12-30 01:15:30,376 DEBUG [MxUpdater.lambda$whait_while_busy$12] MxUpdater still busy - await for 50 milliseconds before to retry
2020-12-30 01:15:30,426 DEBUG [MxUpdater.lambda$whait_while_busy$12] MxUpdater still busy - await for 50 milliseconds before to retry
2020-12-30 01:15:30,477 DEBUG [MxUpdater.lambda$whait_while_busy$12] MxUpdater still busy - await for 50 milliseconds before to retry
2020-12-30 01:15:30,528 DEBUG [MxUpdater.lambda$whait_while_busy$12] MxUpdater still busy - await for 50 milliseconds before to retry
2020-12-30 01:15:30,579 DEBUG [MxUpdater.lambda$whait_while_busy$12] MxUpdater still busy - await for 50 milliseconds before to retry
2020-12-30 01:15:30,630 DEBUG [MxUpdater.lambda$whait_while_busy$12] MxUpdater still busy - await for 50 milliseconds before to retry
2020-12-30 01:15:30,681 DEBUG [MxUpdater.lambda$whait_while_busy$12] MxUpdater still busy - await for 50 milliseconds before to retry
2020-12-30 01:15:30,732 DEBUG [MxUpdater.lambda$whait_while_busy$12] MxUpdater still busy - await for 50 milliseconds before to retry
2020-12-30 01:15:30,782 DEBUG [MxUpdater.lambda$whait_while_busy$12] MxUpdater still busy - await for 50 milliseconds before to retry
2020-12-30 01:15:30,833 DEBUG [MxUpdater.lambda$whait_while_busy$12] MxUpdater still busy - await for 50 milliseconds before to retry
2020-12-30 01:15:30,884 DEBUG [MxUpdater.lambda$whait_while_busy$12] MxUpdater still busy - await for 50 milliseconds before to retry
2020-12-30 01:15:30,935 DEBUG [MxUpdater.lambda$whait_while_busy$12] MxUpdater still busy - await for 50 milliseconds before to retry
2020-12-30 01:15:30,986 DEBUG [MxUpdater.lambda$whait_while_busy$12] MxUpdater still busy - await for 50 milliseconds before to retry
2020-12-30 01:15:31,037 DEBUG [MxUpdater.lambda$whait_while_busy$12] MxUpdater still busy - await for 50 milliseconds before to retry
2020-12-30 01:15:31,088 DEBUG [MxUpdater.lambda$whait_while_busy$12] MxUpdater still busy - await for 50 milliseconds before to retry
2020-12-30 01:15:31,139 DEBUG [MxUpdater.lambda$whait_while_busy$12] MxUpdater still busy - await for 50 milliseconds before to retry
2020-12-30 01:15:31,189 DEBUG [MxUpdater.lambda$whait_while_busy$12] MxUpdater still busy - await for 50 milliseconds before to retry
2020-12-30 01:15:31,240 DEBUG [MxUpdater.lambda$whait_while_busy$12] MxUpdater still busy - await for 50 milliseconds before to retry
2020-12-30 01:15:31,291 DEBUG [MxUpdater.lambda$whait_while_busy$12] MxUpdater still busy - await for 50 milliseconds before to retry
2020-12-30 01:15:31,342 DEBUG [MxUpdater.lambda$whait_while_busy$12] MxUpdater still busy - await for 50 milliseconds before to retry
2020-12-30 01:15:31,393 DEBUG [MxUpdater.lambda$whait_while_busy$12] MxUpdater still busy - await for 50 milliseconds before to retry
2020-12-30 01:15:31,444 DEBUG [MxUpdater.lambda$whait_while_busy$12] MxUpdater still busy - await for 50 milliseconds before to retry
2020-12-30 01:15:31,495 DEBUG [MxUpdater.lambda$whait_while_busy$12] MxUpdater still busy - await for 50 milliseconds before to retry
2020-12-30 01:15:31,545 DEBUG [MxUpdater.lambda$whait_while_busy$12] MxUpdater still busy - await for 50 milliseconds before to retry
2020-12-30 01:15:31,596 DEBUG [MxUpdater.lambda$whait_while_busy$12] MxUpdater still busy - await for 50 milliseconds before to retry
2020-12-30 01:15:31,647 DEBUG [MxUpdater.lambda$whait_while_busy$12] MxUpdater still busy - await for 50 milliseconds before to retry
2020-12-30 01:15:31,698 DEBUG [MxUpdater.lambda$whait_while_busy$12] MxUpdater still busy - await for 50 milliseconds before to retry
2020-12-30 01:15:31,749 DEBUG [MxUpdater.lambda$whait_while_busy$12] MxUpdater still busy - await for 50 milliseconds before to retry
2020-12-30 01:15:31,800 DEBUG [MxUpdater.lambda$whait_while_busy$12] MxUpdater still busy - await for 50 milliseconds before to retry
2020-12-30 01:15:31,851 DEBUG [MxUpdater.lambda$whait_while_busy$12] MxUpdater still busy - await for 50 milliseconds before to retry
2020-12-30 01:15:31,901 DEBUG [MxUpdater.lambda$whait_while_busy$12] MxUpdater still busy - await for 50 milliseconds before to retry
2020-12-30 01:15:31,952 DEBUG [MxUpdater.lambda$whait_while_busy$12] MxUpdater still busy - await for 50 milliseconds before to retry
2020-12-30 01:15:32,003 DEBUG [MxUpdater.lambda$whait_while_busy$12] MxUpdater still busy - await for 50 milliseconds before to retry
2020-12-30 01:15:32,054 DEBUG [MxUpdater.lambda$whait_while_busy$12] MxUpdater still busy - await for 50 milliseconds before to retry
2020-12-30 01:15:32,104 DEBUG [MxUpdater.lambda$whait_while_busy$12] MxUpdater still busy - await for 50 milliseconds before to retry
2020-12-30 01:15:32,155 DEBUG [MxUpdater.lambda$whait_while_busy$12] MxUpdater still busy - await for 50 milliseconds before to retry
2020-12-30 01:15:32,206 DEBUG [MxUpdater.lambda$whait_while_busy$12] MxUpdater still busy - await for 50 milliseconds before to retry
2020-12-30 01:15:32,257 DEBUG [MxUpdater.lambda$whait_while_busy$12] MxUpdater still busy - await for 50 milliseconds before to retry
2020-12-30 01:15:32,308 DEBUG [MxUpdater.lambda$whait_while_busy$12] MxUpdater still busy - await for 50 milliseconds before to retry
2020-12-30 01:15:32,359 DEBUG [MxUpdater.lambda$whait_while_busy$12] MxUpdater still busy - await for 50 milliseconds before to retry
2020-12-30 01:15:32,410 DEBUG [MxUpdater.lambda$whait_while_busy$12] MxUpdater still busy - await for 50 milliseconds before to retry
2020-12-30 01:15:32,461 DEBUG [MxUpdater.lambda$whait_while_busy$12] MxUpdater still busy - await for 50 milliseconds before to retry
2020-12-30 01:15:32,511 DEBUG [MxUpdater.lambda$whait_while_busy$12] MxUpdater still busy - await for 50 milliseconds before to retry
2020-12-30 01:15:32,562 DEBUG [MxUpdater.lambda$whait_while_busy$12] MxUpdater still busy - await for 50 milliseconds before to retry
2020-12-30 01:15:32,613 DEBUG [MxUpdater.lambda$whait_while_busy$12] MxUpdater still busy - await for 50 milliseconds before to retry
2020-12-30 01:15:32,664 DEBUG [MxUpdater.lambda$whait_while_busy$12] MxUpdater still busy - await for 50 milliseconds before to retry
2020-12-30 01:15:32,715 DEBUG [MxUpdater.lambda$whait_while_busy$12] MxUpdater still busy - await for 50 milliseconds before to retry
2020-12-30 01:15:32,766 DEBUG [MxUpdater.lambda$whait_while_busy$12] MxUpdater still busy - await for 50 milliseconds before to retry
2020-12-30 01:15:32,817 DEBUG [MxUpdater.lambda$whait_while_busy$12] MxUpdater still busy - await for 50 milliseconds before to retry
2020-12-30 01:15:32,867 DEBUG [MxUpdater.lambda$whait_while_busy$12] MxUpdater still busy - await for 50 milliseconds before to retry
2020-12-30 01:15:32,918 DEBUG [MxUpdater.lambda$whait_while_busy$12] MxUpdater still busy - await for 50 milliseconds before to retry
2020-12-30 01:15:32,969 DEBUG [MxUpdater.lambda$whait_while_busy$12] MxUpdater still busy - await for 50 milliseconds before to retry
2020-12-30 01:15:33,020 DEBUG [MxUpdater.lambda$whait_while_busy$12] MxUpdater still busy - await for 50 milliseconds before to retry
2020-12-30 01:15:33,071 DEBUG [MxUpdater.lambda$whait_while_busy$12] MxUpdater still busy - await for 50 milliseconds before to retry
2020-12-30 01:15:33,122 DEBUG [MxUpdater.lambda$whait_while_busy$12] MxUpdater still busy - await for 50 milliseconds before to retry
2020-12-30 01:15:33,173 DEBUG [MxUpdater.lambda$whait_while_busy$12] MxUpdater still busy - await for 50 milliseconds before to retry
2020-12-30 01:15:33,223 DEBUG [MxUpdater.lambda$whait_while_busy$12] MxUpdater still busy - await for 50 milliseconds before to retry
2020-12-30 01:15:33,274 DEBUG [MxUpdater.lambda$whait_while_busy$12] MxUpdater still busy - await for 50 milliseconds before to retry
2020-12-30 01:15:33,325 DEBUG [MxUpdater.lambda$whait_while_busy$12] MxUpdater still busy - await for 50 milliseconds before to retry
2020-12-30 01:15:33,376 DEBUG [MxUpdater.lambda$whait_while_busy$12] MxUpdater still busy - await for 50 milliseconds before to retry
2020-12-30 01:15:33,427 DEBUG [MxUpdater.lambda$whait_while_busy$12] MxUpdater still busy - await for 50 milliseconds before to retry
2020-12-30 01:15:33,478 DEBUG [MxUpdater.lambda$whait_while_busy$12] MxUpdater still busy - await for 50 milliseconds before to retry
2020-12-30 01:15:33,529 DEBUG [MxUpdater.lambda$whait_while_busy$12] MxUpdater still busy - await for 50 milliseconds before to retry
2020-12-30 01:15:33,580 DEBUG [MxUpdater.lambda$whait_while_busy$12] MxUpdater still busy - await for 50 milliseconds before to retry
2020-12-30 01:15:33,630 DEBUG [MxUpdater.lambda$whait_while_busy$12] MxUpdater still busy - await for 50 milliseconds before to retry
2020-12-30 01:15:33,681 DEBUG [MxUpdater.lambda$whait_while_busy$12] MxUpdater still busy - await for 50 milliseconds before to retry
2020-12-30 01:15:33,732 DEBUG [MxUpdater.lambda$whait_while_busy$12] MxUpdater still busy - await for 50 milliseconds before to retry
2020-12-30 01:15:33,783 DEBUG [MxUpdater.lambda$whait_while_busy$12] MxUpdater still busy - await for 50 milliseconds before to retry
2020-12-30 01:15:33,834 DEBUG [MxUpdater.lambda$whait_while_busy$12] MxUpdater still busy - await for 50 milliseconds before to retry
2020-12-30 01:15:33,885 DEBUG [MxUpdater.lambda$whait_while_busy$12] MxUpdater still busy - await for 50 milliseconds before to retry
2020-12-30 01:15:33,936 DEBUG [MxUpdater.lambda$whait_while_busy$12] MxUpdater still busy - await for 50 milliseconds before to retry
2020-12-30 01:15:33,986 DEBUG [MxUpdater.lambda$whait_while_busy$12] MxUpdater still busy - await for 50 milliseconds before to retry
2020-12-30 01:15:34,037 DEBUG [MxUpdater.lambda$whait_while_busy$12] MxUpdater still busy - await for 50 milliseconds before to retry
2020-12-30 01:15:34,088 DEBUG [MxUpdater.lambda$whait_while_busy$12] MxUpdater still busy - await for 50 milliseconds before to retry
2020-12-30 01:15:34,139 DEBUG [MxUpdater.lambda$whait_while_busy$12] MxUpdater still busy - await for 50 milliseconds before to retry
2020-12-30 01:15:34,190 DEBUG [MxUpdater.lambda$whait_while_busy$12] MxUpdater still busy - await for 50 milliseconds before to retry
2020-12-30 01:15:34,241 DEBUG [MxUpdater.lambda$whait_while_busy$12] MxUpdater still busy - await for 50 milliseconds before to retry
2020-12-30 01:15:34,292 DEBUG [MxUpdater.lambda$whait_while_busy$12] MxUpdater still busy - await for 50 milliseconds before to retry
2020-12-30 01:15:34,343 DEBUG [MxUpdater.lambda$whait_while_busy$12] MxUpdater still busy - await for 50 milliseconds before to retry
2020-12-30 01:15:34,393 DEBUG [MxUpdater.lambda$whait_while_busy$12] MxUpdater still busy - await for 50 milliseconds before to retry
2020-12-30 01:15:34,444 DEBUG [MxUpdater.lambda$whait_while_busy$12] MxUpdater still busy - await for 50 milliseconds before to retry
2020-12-30 01:15:34,495 DEBUG [MxUpdater.lambda$whait_while_busy$12] MxUpdater still busy - await for 50 milliseconds before to retry
2020-12-30 01:15:34,546 DEBUG [MxUpdater.lambda$whait_while_busy$12] MxUpdater still busy - await for 50 milliseconds before to retry
2020-12-30 01:15:34,597 DEBUG [MxUpdater.lambda$whait_while_busy$12] MxUpdater still busy - await for 50 milliseconds before to retry
2020-12-30 01:15:34,648 DEBUG [MxUpdater.lambda$whait_while_busy$12] MxUpdater still busy - await for 50 milliseconds before to retry
2020-12-30 01:15:34,699 DEBUG [MxUpdater.lambda$whait_while_busy$12] MxUpdater still busy - await for 50 milliseconds before to retry
2020-12-30 01:15:34,749 DEBUG [MxUpdater.lambda$whait_while_busy$12] MxUpdater still busy - await for 50 milliseconds before to retry
2020-12-30 01:15:34,800 DEBUG [MxUpdater.lambda$whait_while_busy$12] MxUpdater still busy - await for 50 milliseconds before to retry
2020-12-30 01:15:34,851 DEBUG [MxUpdater.lambda$whait_while_busy$12] MxUpdater still busy - await for 50 milliseconds before to retry
2020-12-30 01:15:34,902 DEBUG [MxUpdater.lambda$whait_while_busy$12] MxUpdater still busy - await for 50 milliseconds before to retry
2020-12-30 01:15:34,953 DEBUG [MxUpdater.lambda$whait_while_busy$12] MxUpdater still busy - await for 50 milliseconds before to retry
2020-12-30 01:15:35,004 DEBUG [MxUpdater.lambda$whait_while_busy$12] MxUpdater still busy - await for 50 milliseconds before to retry
2020-12-30 01:15:35,055 DEBUG [MxUpdater.lambda$whait_while_busy$12] MxUpdater still busy - await for 50 milliseconds before to retry
2020-12-30 01:15:35,106 DEBUG [MxUpdater.lambda$whait_while_busy$12] MxUpdater still busy - await for 50 milliseconds before to retry
2020-12-30 01:15:35,156 DEBUG [MxUpdater.lambda$whait_while_busy$12] MxUpdater still busy - await for 50 milliseconds before to retry
2020-12-30 01:15:35,207 DEBUG [MxUpdater.lambda$whait_while_busy$12] MxUpdater still busy - await for 50 milliseconds before to retry
2020-12-30 01:15:35,258 DEBUG [MxUpdater.lambda$whait_while_busy$12] MxUpdater still busy - await for 50 milliseconds before to retry
2020-12-30 01:15:35,309 DEBUG [MxUpdater.lambda$whait_while_busy$12] MxUpdater still busy - await for 50 milliseconds before to retry
2020-12-30 01:15:35,360 DEBUG [MxUpdater.lambda$whait_while_busy$12] MxUpdater still busy - await for 50 milliseconds before to retry
2020-12-30 01:15:35,411 DEBUG [MxUpdater.lambda$whait_while_busy$12] MxUpdater still busy - await for 50 milliseconds before to retry
2020-12-30 01:15:35,462 DEBUG [MxUpdater.lambda$whait_while_busy$12] MxUpdater still busy - await for 50 milliseconds before to retry
2020-12-30 01:15:35,512 DEBUG [MxUpdater.lambda$whait_while_busy$12] MxUpdater still busy - await for 50 milliseconds before to retry
2020-12-30 01:15:35,563 DEBUG [MxUpdater.lambda$whait_while_busy$12] MxUpdater still busy - await for 50 milliseconds before to retry
2020-12-30 01:15:35,614 DEBUG [MxUpdater.lambda$whait_while_busy$12] MxUpdater still busy - await for 50 milliseconds before to retry
2020-12-30 01:15:35,665 DEBUG [MxUpdater.lambda$whait_while_busy$12] MxUpdater still busy - await for 50 milliseconds before to retry
2020-12-30 01:15:35,716 DEBUG [MxUpdater.lambda$whait_while_busy$12] MxUpdater still busy - await for 50 milliseconds before to retry
2020-12-30 01:15:35,767 DEBUG [MxUpdater.lambda$whait_while_busy$12] MxUpdater still busy - await for 50 milliseconds before to retry
2020-12-30 01:15:35,818 DEBUG [MxUpdater.lambda$whait_while_busy$12] MxUpdater still busy - await for 50 milliseconds before to retry
2020-12-30 01:15:35,868 DEBUG [MxUpdater.lambda$whait_while_busy$12] MxUpdater still busy - await for 50 milliseconds before to retry
2020-12-30 01:15:35,919 DEBUG [MxUpdater.lambda$whait_while_busy$12] MxUpdater still busy - await for 50 milliseconds before to retry
2020-12-30 01:15:35,970 DEBUG [MxUpdater.lambda$whait_while_busy$12] MxUpdater still busy - await for 50 milliseconds before to retry
2020-12-30 01:15:36,021 DEBUG [MxUpdater.lambda$whait_while_busy$12] MxUpdater still busy - await for 50 milliseconds before to retry
2020-12-30 01:15:36,072 DEBUG [MxUpdater.lambda$whait_while_busy$12] MxUpdater still busy - await for 50 milliseconds before to retry
2020-12-30 01:15:36,123 DEBUG [MxUpdater.lambda$whait_while_busy$12] MxUpdater still busy - await for 50 milliseconds before to retry
2020-12-30 01:15:36,174 DEBUG [MxUpdater.lambda$whait_while_busy$12] MxUpdater still busy - await for 50 milliseconds before to retry
2020-12-30 01:15:36,225 DEBUG [MxUpdater.lambda$whait_while_busy$12] MxUpdater still busy - await for 50 milliseconds before to retry
2020-12-30 01:15:36,275 DEBUG [MxUpdater.lambda$whait_while_busy$12] MxUpdater still busy - await for 50 milliseconds before to retry
2020-12-30 01:15:36,326 DEBUG [MxUpdater.lambda$whait_while_busy$12] MxUpdater still busy - await for 50 milliseconds before to retry
2020-12-30 01:15:36,377 DEBUG [MxUpdater.lambda$whait_while_busy$12] MxUpdater still busy - await for 50 milliseconds before to retry
2020-12-30 01:15:36,428 DEBUG [MxUpdater.lambda$whait_while_busy$12] MxUpdater still busy - await for 50 milliseconds before to retry
2020-12-30 01:15:36,479 DEBUG [MxUpdater.lambda$whait_while_busy$12] MxUpdater still busy - await for 50 milliseconds before to retry
2020-12-30 01:15:36,530 DEBUG [MxUpdater.lambda$whait_while_busy$12] MxUpdater still busy - await for 50 milliseconds before to retry
2020-12-30 01:15:36,581 DEBUG [MxUpdater.lambda$whait_while_busy$12] MxUpdater still busy - await for 50 milliseconds before to retry
2020-12-30 01:15:36,631 DEBUG [MxUpdater.lambda$whait_while_busy$12] MxUpdater still busy - await for 50 milliseconds before to retry
2020-12-30 01:15:36,682 DEBUG [MxUpdater.lambda$whait_while_busy$12] MxUpdater still busy - await for 50 milliseconds before to retry
2020-12-30 01:15:36,733 DEBUG [MxUpdater.lambda$whait_while_busy$12] MxUpdater still busy - await for 50 milliseconds before to retry
2020-12-30 01:15:36,784 DEBUG [MxUpdater.lambda$whait_while_busy$12] MxUpdater still busy - await for 50 milliseconds before to retry
2020-12-30 01:15:36,835 DEBUG [MxUpdater.lambda$whait_while_busy$12] MxUpdater still busy - await for 50 milliseconds before to retry
2020-12-30 01:15:36,886 DEBUG [MxUpdater.lambda$whait_while_busy$12] MxUpdater still busy - await for 50 milliseconds before to retry
2020-12-30 01:15:36,937 DEBUG [MxUpdater.lambda$whait_while_busy$12] MxUpdater still busy - await for 50 milliseconds before to retry
2020-12-30 01:15:36,987 DEBUG [MxUpdater.lambda$whait_while_busy$12] MxUpdater still busy - await for 50 milliseconds before to retry
2020-12-30 01:15:37,038 DEBUG [MxUpdater.lambda$whait_while_busy$12] MxUpdater still busy - await for 50 milliseconds before to retry
2020-12-30 01:15:37,089 DEBUG [MxUpdater.lambda$whait_while_busy$12] MxUpdater still busy - await for 50 milliseconds before to retry
2020-12-30 01:15:37,140 DEBUG [MxUpdater.lambda$whait_while_busy$12] MxUpdater still busy - await for 50 milliseconds before to retry
2020-12-30 01:15:37,191 DEBUG [MxUpdater.lambda$whait_while_busy$12] MxUpdater still busy - await for 50 milliseconds before to retry
2020-12-30 01:15:37,242 DEBUG [MxUpdater.lambda$whait_while_busy$12] MxUpdater still busy - await for 50 milliseconds before to retry
2020-12-30 01:15:37,293 DEBUG [MxUpdater.lambda$whait_while_busy$12] MxUpdater still busy - await for 50 milliseconds before to retry
2020-12-30 01:15:37,344 DEBUG [MxUpdater.lambda$whait_while_busy$12] MxUpdater still busy - await for 50 milliseconds before to retry
2020-12-30 01:15:37,394 DEBUG [MxUpdater.lambda$whait_while_busy$12] MxUpdater still busy - await for 50 milliseconds before to retry
2020-12-30 01:15:37,445 DEBUG [MxUpdater.lambda$whait_while_busy$12] MxUpdater still busy - await for 50 milliseconds before to retry
2020-12-30 01:15:37,496 DEBUG [MxUpdater.lambda$whait_while_busy$12] MxUpdater still busy - await for 50 milliseconds before to retry
2020-12-30 01:15:37,547 DEBUG [MxUpdater.lambda$whait_while_busy$12] MxUpdater still busy - await for 50 milliseconds before to retry
2020-12-30 01:15:37,598 DEBUG [MxUpdater.lambda$whait_while_busy$12] MxUpdater still busy - await for 50 milliseconds before to retry
2020-12-30 01:15:37,649 DEBUG [MxUpdater.lambda$whait_while_busy$12] MxUpdater still busy - await for 50 milliseconds before to retry
2020-12-30 01:15:37,700 DEBUG [MxUpdater.lambda$whait_while_busy$12] MxUpdater still busy - await for 50 milliseconds before to retry
2020-12-30 01:15:37,750 DEBUG [MxUpdater.lambda$whait_while_busy$12] MxUpdater still busy - await for 50 milliseconds before to retry
2020-12-30 01:15:37,801 DEBUG [MxUpdater.lambda$whait_while_busy$12] MxUpdater still busy - await for 50 milliseconds before to retry
2020-12-30 01:15:37,852 DEBUG [MxUpdater.lambda$whait_while_busy$12] MxUpdater still busy - await for 50 milliseconds before to retry
2020-12-30 01:15:37,903 DEBUG [MxUpdater.lambda$whait_while_busy$12] MxUpdater still busy - await for 50 milliseconds before to retry
2020-12-30 01:15:37,954 DEBUG [MxUpdater.lambda$whait_while_busy$12] MxUpdater still busy - await for 50 milliseconds before to retry
2020-12-30 01:15:38,005 DEBUG [MxUpdater.lambda$whait_while_busy$12] MxUpdater still busy - await for 50 milliseconds before to retry
2020-12-30 01:15:38,056 DEBUG [MxUpdater.lambda$whait_while_busy$12] MxUpdater still busy - await for 50 milliseconds before to retry
2020-12-30 01:15:38,107 DEBUG [MxUpdater.lambda$whait_while_busy$12] MxUpdater still busy - await for 50 milliseconds before to retry
2020-12-30 01:15:38,157 DEBUG [MxUpdater.lambda$whait_while_busy$12] MxUpdater still busy - await for 50 milliseconds before to retry
2020-12-30 01:15:38,208 DEBUG [MxUpdater.lambda$whait_while_busy$12] MxUpdater still busy - await for 50 milliseconds before to retry
2020-12-30 01:15:38,259 DEBUG [MxUpdater.lambda$whait_while_busy$12] MxUpdater still busy - await for 50 milliseconds before to retry
2020-12-30 01:15:38,310 DEBUG [MxUpdater.lambda$whait_while_busy$12] MxUpdater still busy - await for 50 milliseconds before to retry
2020-12-30 01:15:38,361 DEBUG [MxUpdater.lambda$whait_while_busy$12] MxUpdater still busy - await for 50 milliseconds before to retry
2020-12-30 01:15:38,412 DEBUG [MxUpdater.lambda$whait_while_busy$12] MxUpdater still busy - await for 50 milliseconds before to retry
2020-12-30 01:15:38,462 DEBUG [MxUpdater.lambda$whait_while_busy$12] MxUpdater still busy - await for 50 milliseconds before to retry
2020-12-30 01:15:38,512 DEBUG [MxUpdater.lambda$whait_while_busy$12] MxUpdater still busy - await for 50 milliseconds before to retry
2020-12-30 01:15:38,563 DEBUG [MxUpdater.lambda$whait_while_busy$12] MxUpdater still busy - await for 50 milliseconds before to retry
2020-12-30 01:15:38,614 DEBUG [MxUpdater.lambda$whait_while_busy$12] MxUpdater still busy - await for 50 milliseconds before to retry
2020-12-30 01:15:38,665 DEBUG [MxUpdater.lambda$whait_while_busy$12] MxUpdater still busy - await for 50 milliseconds before to retry
2020-12-30 01:15:38,716 DEBUG [MxUpdater.lambda$whait_while_busy$12] MxUpdater still busy - await for 50 milliseconds before to retry
2020-12-30 01:15:38,767 DEBUG [MxUpdater.lambda$whait_while_busy$12] MxUpdater still busy - await for 50 milliseconds before to retry
2020-12-30 01:15:38,818 DEBUG [MxUpdater.lambda$whait_while_busy$12] MxUpdater still busy - await for 50 milliseconds before to retry
2020-12-30 01:15:38,869 DEBUG [MxUpdater.lambda$whait_while_busy$12] MxUpdater still busy - await for 50 milliseconds before to retry
2020-12-30 01:15:38,919 DEBUG [MxUpdater.lambda$whait_while_busy$12] MxUpdater still busy - await for 50 milliseconds before to retry
2020-12-30 01:15:38,970 DEBUG [MxUpdater.lambda$whait_while_busy$12] MxUpdater still busy - await for 50 milliseconds before to retry
2020-12-30 01:15:39,021 DEBUG [MxUpdater.lambda$whait_while_busy$12] MxUpdater still busy - await for 50 milliseconds before to retry
2020-12-30 01:15:39,072 DEBUG [MxUpdater.lambda$whait_while_busy$12] MxUpdater still busy - await for 50 milliseconds before to retry
2020-12-30 01:15:39,123 DEBUG [MxUpdater.lambda$whait_while_busy$12] MxUpdater still busy - await for 50 milliseconds before to retry
2020-12-30 01:15:39,174 DEBUG [MxUpdater.lambda$whait_while_busy$12] MxUpdater still busy - await for 50 milliseconds before to retry
2020-12-30 01:15:39,225 DEBUG [MxUpdater.lambda$whait_while_busy$12] MxUpdater still busy - await for 50 milliseconds before to retry
2020-12-30 01:15:39,275 DEBUG [MxUpdater.lambda$whait_while_busy$12] MxUpdater still busy - await for 50 milliseconds before to retry
2020-12-30 01:15:39,326 DEBUG [MxUpdater.lambda$whait_while_busy$12] MxUpdater still busy - await for 50 milliseconds before to retry
2020-12-30 01:15:39,377 DEBUG [MxUpdater.lambda$whait_while_busy$12] MxUpdater still busy - await for 50 milliseconds before to retry
2020-12-30 01:15:39,428 DEBUG [MxUpdater.lambda$whait_while_busy$12] MxUpdater still busy - await for 50 milliseconds before to retry
2020-12-30 01:15:39,479 DEBUG [MxUpdater.lambda$whait_while_busy$12] MxUpdater still busy - await for 50 milliseconds before to retry
2020-12-30 01:15:39,530 DEBUG [MxUpdater.lambda$whait_while_busy$12] MxUpdater still busy - await for 50 milliseconds before to retry
2020-12-30 01:15:39,581 DEBUG [MxUpdater.lambda$whait_while_busy$12] MxUpdater still busy - await for 50 milliseconds before to retry
2020-12-30 01:15:39,631 DEBUG [MxUpdater.lambda$whait_while_busy$12] MxUpdater still busy - await for 50 milliseconds before to retry
2020-12-30 01:15:39,682 DEBUG [MxUpdater.lambda$whait_while_busy$12] MxUpdater still busy - await for 50 milliseconds before to retry
2020-12-30 01:15:39,733 DEBUG [MxUpdater.lambda$whait_while_busy$12] MxUpdater still busy - await for 50 milliseconds before to retry
2020-12-30 01:15:39,784 DEBUG [MxUpdater.lambda$whait_while_busy$12] MxUpdater still busy - await for 50 milliseconds before to retry
2020-12-30 01:15:39,835 DEBUG [MxUpdater.lambda$whait_while_busy$12] MxUpdater still busy - await for 50 milliseconds before to retry
2020-12-30 01:15:39,886 DEBUG [MxUpdater.lambda$whait_while_busy$12] MxUpdater still busy - await for 50 milliseconds before to retry
2020-12-30 01:15:39,937 DEBUG [MxUpdater.lambda$whait_while_busy$12] MxUpdater still busy - await for 50 milliseconds before to retry
2020-12-30 01:15:39,988 DEBUG [MxUpdater.lambda$whait_while_busy$12] MxUpdater still busy - await for 50 milliseconds before to retry
2020-12-30 01:15:40,038 DEBUG [MxUpdater.lambda$whait_while_busy$12] MxUpdater still busy - await for 50 milliseconds before to retry
2020-12-30 01:15:40,089 DEBUG [MxUpdater.lambda$whait_while_busy$12] MxUpdater still busy - await for 50 milliseconds before to retry
2020-12-30 01:15:40,140 DEBUG [MxUpdater.lambda$whait_while_busy$12] MxUpdater still busy - await for 50 milliseconds before to retry
2020-12-30 01:15:40,191 DEBUG [MxUpdater.lambda$whait_while_busy$12] MxUpdater still busy - await for 50 milliseconds before to retry
2020-12-30 01:15:40,242 DEBUG [MxUpdater.lambda$whait_while_busy$12] MxUpdater still busy - await for 50 milliseconds before to retry
2020-12-30 01:15:40,293 DEBUG [MxUpdater.lambda$whait_while_busy$12] MxUpdater still busy - await for 50 milliseconds before to retry
2020-12-30 01:15:40,344 DEBUG [MxUpdater.lambda$whait_while_busy$12] MxUpdater still busy - await for 50 milliseconds before to retry
2020-12-30 01:15:40,394 DEBUG [MxUpdater.lambda$whait_while_busy$12] MxUpdater still busy - await for 50 milliseconds before to retry
2020-12-30 01:15:40,445 DEBUG [MxUpdater.lambda$whait_while_busy$12] MxUpdater still busy - await for 50 milliseconds before to retry
2020-12-30 01:15:40,496 DEBUG [MxUpdater.lambda$whait_while_busy$12] MxUpdater still busy - await for 50 milliseconds before to retry
2020-12-30 01:15:40,547 DEBUG [MxUpdater.lambda$whait_while_busy$12] MxUpdater still busy - await for 50 milliseconds before to retry
2020-12-30 01:15:40,598 DEBUG [MxUpdater.lambda$whait_while_busy$12] MxUpdater still busy - await for 50 milliseconds before to retry
2020-12-30 01:15:40,649 DEBUG [MxUpdater.lambda$whait_while_busy$12] MxUpdater still busy - await for 50 milliseconds before to retry
2020-12-30 01:15:40,700 DEBUG [MxUpdater.lambda$whait_while_busy$12] MxUpdater still busy - await for 50 milliseconds before to retry
2020-12-30 01:15:40,750 DEBUG [MxUpdater.lambda$whait_while_busy$12] MxUpdater still busy - await for 50 milliseconds before to retry
2020-12-30 01:15:40,801 DEBUG [MxUpdater.lambda$whait_while_busy$12] MxUpdater still busy - await for 50 milliseconds before to retry
2020-12-30 01:15:40,852 DEBUG [MxUpdater.lambda$whait_while_busy$12] MxUpdater still busy - await for 50 milliseconds before to retry
2020-12-30 01:15:40,903 DEBUG [MxUpdater.lambda$whait_while_busy$12] MxUpdater still busy - await for 50 milliseconds before to retry
2020-12-30 01:15:40,954 DEBUG [MxUpdater.lambda$whait_while_busy$12] MxUpdater still busy - await for 50 milliseconds before to retry
2020-12-30 01:15:41,005 DEBUG [MxUpdater.lambda$whait_while_busy$12] MxUpdater still busy - await for 50 milliseconds before to retry
2020-12-30 01:15:41,056 DEBUG [MxUpdater.lambda$whait_while_busy$12] MxUpdater still busy - await for 50 milliseconds before to retry
2020-12-30 01:15:41,107 DEBUG [MxUpdater.lambda$whait_while_busy$12] MxUpdater still busy - await for 50 milliseconds before to retry
2020-12-30 01:15:41,157 DEBUG [MxUpdater.lambda$whait_while_busy$12] MxUpdater still busy - await for 50 milliseconds before to retry
2020-12-30 01:15:41,208 DEBUG [MxUpdater.lambda$whait_while_busy$12] MxUpdater still busy - await for 50 milliseconds before to retry
2020-12-30 01:15:41,259 DEBUG [MxUpdater.lambda$whait_while_busy$12] MxUpdater still busy - await for 50 milliseconds before to retry
2020-12-30 01:15:41,310 DEBUG [MxUpdater.lambda$whait_while_busy$12] MxUpdater still busy - await for 50 milliseconds before to retry
2020-12-30 01:15:41,361 DEBUG [MxUpdater.lambda$whait_while_busy$12] MxUpdater still busy - await for 50 milliseconds before to retry
2020-12-30 01:15:41,412 DEBUG [MxUpdater.lambda$whait_while_busy$12] MxUpdater still busy - await for 50 milliseconds before to retry
2020-12-30 01:15:41,463 DEBUG [MxUpdater.lambda$whait_while_busy$12] MxUpdater still busy - await for 50 milliseconds before to retry
2020-12-30 01:15:41,513 DEBUG [MxUpdater.lambda$whait_while_busy$12] MxUpdater still busy - await for 50 milliseconds before to retry
2020-12-30 01:15:41,564 DEBUG [MxUpdater.lambda$whait_while_busy$12] MxUpdater still busy - await for 50 milliseconds before to retry
2020-12-30 01:15:41,615 DEBUG [MxUpdater.lambda$whait_while_busy$12] MxUpdater still busy - await for 50 milliseconds before to retry
2020-12-30 01:15:41,666 DEBUG [MxUpdater.lambda$whait_while_busy$12] MxUpdater still busy - await for 50 milliseconds before to retry
2020-12-30 01:15:41,717 DEBUG [MxUpdater.lambda$whait_while_busy$12] MxUpdater still busy - await for 50 milliseconds before to retry
2020-12-30 01:15:41,768 DEBUG [MxUpdater.lambda$whait_while_busy$12] MxUpdater still busy - await for 50 milliseconds before to retry
2020-12-30 01:15:41,819 DEBUG [MxUpdater.lambda$whait_while_busy$12] MxUpdater still busy - await for 50 milliseconds before to retry
2020-12-30 01:15:41,869 DEBUG [MxUpdater.lambda$whait_while_busy$12] MxUpdater still busy - await for 50 milliseconds before to retry
2020-12-30 01:15:41,920 DEBUG [MxUpdater.lambda$whait_while_busy$12] MxUpdater still busy - await for 50 milliseconds before to retry
2020-12-30 01:15:41,971 DEBUG [MxUpdater.lambda$whait_while_busy$12] MxUpdater still busy - await for 50 milliseconds before to retry
2020-12-30 01:15:42,022 DEBUG [MxUpdater.lambda$whait_while_busy$12] MxUpdater still busy - await for 50 milliseconds before to retry
2020-12-30 01:15:42,073 DEBUG [MxUpdater.lambda$whait_while_busy$12] MxUpdater still busy - await for 50 milliseconds before to retry
2020-12-30 01:15:42,124 DEBUG [MxUpdater.lambda$whait_while_busy$12] MxUpdater still busy - await for 50 milliseconds before to retry
2020-12-30 01:15:42,175 DEBUG [MxUpdater.lambda$whait_while_busy$12] MxUpdater still busy - await for 50 milliseconds before to retry
2020-12-30 01:15:42,226 DEBUG [MxUpdater.lambda$whait_while_busy$12] MxUpdater still busy - await for 50 milliseconds before to retry
2020-12-30 01:15:42,276 DEBUG [MxUpdater.lambda$whait_while_busy$12] MxUpdater still busy - await for 50 milliseconds before to retry
2020-12-30 01:15:42,327 DEBUG [MxUpdater.lambda$whait_while_busy$12] MxUpdater still busy - await for 50 milliseconds before to retry
2020-12-30 01:15:42,378 DEBUG [MxUpdater.lambda$whait_while_busy$12] MxUpdater still busy - await for 50 milliseconds before to retry
2020-12-30 01:15:42,429 DEBUG [MxUpdater.lambda$whait_while_busy$12] MxUpdater still busy - await for 50 milliseconds before to retry
2020-12-30 01:15:42,480 DEBUG [MxUpdater.lambda$whait_while_busy$12] MxUpdater still busy - await for 50 milliseconds before to retry
2020-12-30 01:15:42,531 DEBUG [MxUpdater.lambda$whait_while_busy$12] MxUpdater still busy - await for 50 milliseconds before to retry
2020-12-30 01:15:42,582 DEBUG [MxUpdater.lambda$whait_while_busy$12] MxUpdater still busy - await for 50 milliseconds before to retry
2020-12-30 01:15:42,632 DEBUG [MxUpdater.lambda$whait_while_busy$12] MxUpdater still busy - await for 50 milliseconds before to retry
2020-12-30 01:15:42,683 DEBUG [MxUpdater.lambda$whait_while_busy$12] MxUpdater still busy - await for 50 milliseconds before to retry
2020-12-30 01:15:42,734 DEBUG [MxUpdater.lambda$whait_while_busy$12] MxUpdater still busy - await for 50 milliseconds before to retry
2020-12-30 01:15:42,785 DEBUG [MxUpdater.lambda$whait_while_busy$12] MxUpdater still busy - await for 50 milliseconds before to retry
2020-12-30 01:15:42,836 DEBUG [MxUpdater.lambda$whait_while_busy$12] MxUpdater still busy - await for 50 milliseconds before to retry
2020-12-30 01:15:42,887 DEBUG [MxUpdater.lambda$whait_while_busy$12] MxUpdater still busy - await for 50 milliseconds before to retry
2020-12-30 01:15:42,940 DEBUG [MxUpdater.lambda$whait_while_busy$12] MxUpdater still busy - await for 50 milliseconds before to retry
2020-12-30 01:15:42,991 DEBUG [MxUpdater.lambda$whait_while_busy$12] MxUpdater still busy - await for 50 milliseconds before to retry
2020-12-30 01:15:43,041 DEBUG [MxUpdater.lambda$whait_while_busy$12] MxUpdater still busy - await for 50 milliseconds before to retry
2020-12-30 01:15:43,092 DEBUG [MxUpdater.lambda$whait_while_busy$12] MxUpdater still busy - await for 50 milliseconds before to retry
2020-12-30 01:15:43,143 DEBUG [MxUpdater.lambda$whait_while_busy$12] MxUpdater still busy - await for 50 milliseconds before to retry
2020-12-30 01:15:43,194 DEBUG [MxUpdater.lambda$whait_while_busy$12] MxUpdater still busy - await for 50 milliseconds before to retry
2020-12-30 01:15:43,245 DEBUG [MxUpdater.lambda$whait_while_busy$12] MxUpdater still busy - await for 50 milliseconds before to retry
2020-12-30 01:15:43,296 DEBUG [MxUpdater.lambda$whait_while_busy$12] MxUpdater still busy - await for 50 milliseconds before to retry
2020-12-30 01:15:43,347 DEBUG [MxUpdater.lambda$whait_while_busy$12] MxUpdater still busy - await for 50 milliseconds before to retry
2020-12-30 01:15:43,397 DEBUG [MxUpdater.lambda$whait_while_busy$12] MxUpdater still busy - await for 50 milliseconds before to retry
2020-12-30 01:15:43,448 DEBUG [MxUpdater.lambda$whait_while_busy$12] MxUpdater still busy - await for 50 milliseconds before to retry
2020-12-30 01:15:43,499 DEBUG [MxUpdater.lambda$whait_while_busy$12] MxUpdater still busy - await for 50 milliseconds before to retry
2020-12-30 01:15:43,550 DEBUG [MxUpdater.lambda$whait_while_busy$12] MxUpdater still busy - await for 50 milliseconds before to retry
2020-12-30 01:15:43,601 DEBUG [MxUpdater.lambda$whait_while_busy$12] MxUpdater still busy - await for 50 milliseconds before to retry
2020-12-30 01:15:43,652 DEBUG [MxUpdater.lambda$whait_while_busy$12] MxUpdater still busy - await for 50 milliseconds before to retry
2020-12-30 01:15:43,703 DEBUG [MxUpdater.lambda$whait_while_busy$12] MxUpdater still busy - await for 50 milliseconds before to retry
2020-12-30 01:15:43,753 DEBUG [MxUpdater.lambda$whait_while_busy$12] MxUpdater still busy - await for 50 milliseconds before to retry
2020-12-30 01:15:43,804 DEBUG [MxUpdater.lambda$whait_while_busy$12] MxUpdater still busy - await for 50 milliseconds before to retry
2020-12-30 01:15:43,855 DEBUG [MxUpdater.lambda$whait_while_busy$12] MxUpdater still busy - await for 50 milliseconds before to retry
2020-12-30 01:15:43,906 DEBUG [MxUpdater.lambda$whait_while_busy$12] MxUpdater still busy - await for 50 milliseconds before to retry
2020-12-30 01:15:43,957 DEBUG [MxUpdater.lambda$whait_while_busy$12] MxUpdater still busy - await for 50 milliseconds before to retry
2020-12-30 01:15:44,008 DEBUG [MxUpdater.lambda$whait_while_busy$12] MxUpdater still busy - await for 50 milliseconds before to retry
2020-12-30 01:15:44,059 DEBUG [MxUpdater.lambda$whait_while_busy$12] MxUpdater still busy - await for 50 milliseconds before to retry
2020-12-30 01:15:44,110 DEBUG [MxUpdater.lambda$whait_while_busy$12] MxUpdater still busy - await for 50 milliseconds before to retry
2020-12-30 01:15:44,160 DEBUG [MxUpdater.lambda$whait_while_busy$12] MxUpdater still busy - await for 50 milliseconds before to retry
2020-12-30 01:15:44,211 DEBUG [MxUpdater.lambda$whait_while_busy$12] MxUpdater still busy - await for 50 milliseconds before to retry
2020-12-30 01:15:44,262 DEBUG [MxUpdater.lambda$whait_while_busy$12] MxUpdater still busy - await for 50 milliseconds before to retry
2020-12-30 01:15:44,313 DEBUG [MxUpdater.lambda$whait_while_busy$12] MxUpdater still busy - await for 50 milliseconds before to retry
2020-12-30 01:15:44,364 DEBUG [MxUpdater.lambda$whait_while_busy$12] MxUpdater still busy - await for 50 milliseconds before to retry
2020-12-30 01:15:44,415 DEBUG [MxUpdater.lambda$whait_while_busy$12] MxUpdater still busy - await for 50 milliseconds before to retry
2020-12-30 01:15:44,466 DEBUG [MxUpdater.lambda$whait_while_busy$12] MxUpdater still busy - await for 50 milliseconds before to retry
2020-12-30 01:15:44,516 DEBUG [MxUpdater.lambda$whait_while_busy$12] MxUpdater still busy - await for 50 milliseconds before to retry
2020-12-30 01:15:44,567 DEBUG [MxUpdater.lambda$whait_while_busy$12] MxUpdater still busy - await for 50 milliseconds before to retry
2020-12-30 01:15:44,618 DEBUG [MxUpdater.lambda$whait_while_busy$12] MxUpdater still busy - await for 50 milliseconds before to retry
2020-12-30 01:15:44,669 DEBUG [MxUpdater.lambda$whait_while_busy$12] MxUpdater still busy - await for 50 milliseconds before to retry
2020-12-30 01:15:44,720 DEBUG [MxUpdater.lambda$whait_while_busy$12] MxUpdater still busy - await for 50 milliseconds before to retry
2020-12-30 01:15:44,771 DEBUG [MxUpdater.lambda$whait_while_busy$12] MxUpdater still busy - await for 50 milliseconds before to retry
2020-12-30 01:15:44,822 DEBUG [MxUpdater.lambda$whait_while_busy$12] MxUpdater still busy - await for 50 milliseconds before to retry
2020-12-30 01:15:44,872 DEBUG [MxUpdater.lambda$whait_while_busy$12] MxUpdater still busy - await for 50 milliseconds before to retry
2020-12-30 01:15:44,923 DEBUG [MxUpdater.lambda$whait_while_busy$12] MxUpdater still busy - await for 50 milliseconds before to retry
2020-12-30 01:15:44,974 DEBUG [MxUpdater.lambda$whait_while_busy$12] MxUpdater still busy - await for 50 milliseconds before to retry
2020-12-30 01:15:45,025 DEBUG [MxUpdater.lambda$whait_while_busy$12] MxUpdater still busy - await for 50 milliseconds before to retry
2020-12-30 01:15:45,076 DEBUG [MxUpdater.lambda$whait_while_busy$12] MxUpdater still busy - await for 50 milliseconds before to retry
2020-12-30 01:15:45,127 DEBUG [MxUpdater.lambda$whait_while_busy$12] MxUpdater still busy - await for 50 milliseconds before to retry
2020-12-30 01:15:45,178 DEBUG [MxUpdater.lambda$whait_while_busy$12] MxUpdater still busy - await for 50 milliseconds before to retry
2020-12-30 01:15:45,229 DEBUG [MxUpdater.lambda$whait_while_busy$12] MxUpdater still busy - await for 50 milliseconds before to retry
2020-12-30 01:15:45,279 DEBUG [MxUpdater.lambda$whait_while_busy$12] MxUpdater still busy - await for 50 milliseconds before to retry
2020-12-30 01:15:45,330 DEBUG [MxUpdater.lambda$whait_while_busy$12] MxUpdater still busy - await for 50 milliseconds before to retry
2020-12-30 01:15:45,381 DEBUG [MxUpdater.lambda$whait_while_busy$12] MxUpdater still busy - await for 50 milliseconds before to retry
2020-12-30 01:15:45,432 DEBUG [MxUpdater.lambda$whait_while_busy$12] MxUpdater still busy - await for 50 milliseconds before to retry
2020-12-30 01:15:45,483 DEBUG [MxUpdater.lambda$whait_while_busy$12] MxUpdater still busy - await for 50 milliseconds before to retry
2020-12-30 01:15:45,534 DEBUG [MxUpdater.lambda$whait_while_busy$12] MxUpdater still busy - await for 50 milliseconds before to retry
2020-12-30 01:15:45,585 DEBUG [MxUpdater.lambda$whait_while_busy$12] MxUpdater still busy - await for 50 milliseconds before to retry
2020-12-30 01:15:45,635 DEBUG [MxUpdater.lambda$whait_while_busy$12] MxUpdater still busy - await for 50 milliseconds before to retry
2020-12-30 01:15:45,686 DEBUG [MxUpdater.lambda$whait_while_busy$12] MxUpdater still busy - await for 50 milliseconds before to retry
2020-12-30 01:15:45,737 DEBUG [MxUpdater.lambda$whait_while_busy$12] MxUpdater still busy - await for 50 milliseconds before to retry
2020-12-30 01:15:45,788 DEBUG [MxUpdater.lambda$whait_while_busy$12] MxUpdater still busy - await for 50 milliseconds before to retry
2020-12-30 01:15:45,839 DEBUG [MxUpdater.lambda$whait_while_busy$12] MxUpdater still busy - await for 50 milliseconds before to retry
2020-12-30 01:15:45,890 DEBUG [MxUpdater.lambda$whait_while_busy$12] MxUpdater still busy - await for 50 milliseconds before to retry
2020-12-30 01:15:45,941 DEBUG [MxUpdater.lambda$whait_while_busy$12] MxUpdater still busy - await for 50 milliseconds before to retry
2020-12-30 01:15:45,992 DEBUG [MxUpdater.lambda$whait_while_busy$12] MxUpdater still busy - await for 50 milliseconds before to retry
2020-12-30 01:15:46,042 DEBUG [MxUpdater.lambda$whait_while_busy$12] MxUpdater still busy - await for 50 milliseconds before to retry
2020-12-30 01:15:46,093 DEBUG [MxUpdater.lambda$whait_while_busy$12] MxUpdater still busy - await for 50 milliseconds before to retry
2020-12-30 01:15:46,144 DEBUG [MxUpdater.lambda$whait_while_busy$12] MxUpdater still busy - await for 50 milliseconds before to retry
2020-12-30 01:15:46,195 DEBUG [MxUpdater.lambda$whait_while_busy$12] MxUpdater still busy - await for 50 milliseconds before to retry
2020-12-30 01:15:46,246 DEBUG [MxUpdater.lambda$whait_while_busy$12] MxUpdater still busy - await for 50 milliseconds before to retry
2020-12-30 01:15:46,297 DEBUG [MxUpdater.lambda$whait_while_busy$12] MxUpdater still busy - await for 50 milliseconds before to retry
2020-12-30 01:15:46,348 DEBUG [MxUpdater.lambda$whait_while_busy$12] MxUpdater still busy - await for 50 milliseconds before to retry
2020-12-30 01:15:46,398 DEBUG [MxUpdater.lambda$whait_while_busy$12] MxUpdater still busy - await for 50 milliseconds before to retry
2020-12-30 01:15:46,449 DEBUG [MxUpdater.lambda$whait_while_busy$12] MxUpdater still busy - await for 50 milliseconds before to retry
2020-12-30 01:15:46,500 DEBUG [MxUpdater.lambda$whait_while_busy$12] MxUpdater still busy - await for 50 milliseconds before to retry
2020-12-30 01:15:46,551 DEBUG [MxUpdater.lambda$whait_while_busy$12] MxUpdater still busy - await for 50 milliseconds before to retry
2020-12-30 01:15:46,602 DEBUG [MxUpdater.lambda$whait_while_busy$12] MxUpdater still busy - await for 50 milliseconds before to retry
2020-12-30 01:15:46,653 DEBUG [MxUpdater.lambda$whait_while_busy$12] MxUpdater still busy - await for 50 milliseconds before to retry
2020-12-30 01:15:46,704 DEBUG [MxUpdater.lambda$whait_while_busy$12] MxUpdater still busy - await for 50 milliseconds before to retry
2020-12-30 01:15:46,754 DEBUG [MxUpdater.lambda$whait_while_busy$12] MxUpdater still busy - await for 50 milliseconds before to retry
2020-12-30 01:15:46,805 DEBUG [MxUpdater.lambda$whait_while_busy$12] MxUpdater still busy - await for 50 milliseconds before to retry
2020-12-30 01:15:46,856 DEBUG [MxUpdater.lambda$whait_while_busy$12] MxUpdater still busy - await for 50 milliseconds before to retry
2020-12-30 01:15:46,907 DEBUG [MxUpdater.lambda$whait_while_busy$12] MxUpdater still busy - await for 50 milliseconds before to retry
2020-12-30 01:15:46,958 DEBUG [MxUpdater.lambda$whait_while_busy$12] MxUpdater still busy - await for 50 milliseconds before to retry
2020-12-30 01:15:47,009 DEBUG [MxUpdater.lambda$whait_while_busy$12] MxUpdater still busy - await for 50 milliseconds before to retry
2020-12-30 01:15:47,060 DEBUG [MxUpdater.lambda$whait_while_busy$12] MxUpdater still busy - await for 50 milliseconds before to retry
2020-12-30 01:15:47,111 DEBUG [MxUpdater.lambda$whait_while_busy$12] MxUpdater still busy - await for 50 milliseconds before to retry
2020-12-30 01:15:47,161 DEBUG [MxUpdater.lambda$whait_while_busy$12] MxUpdater still busy - await for 50 milliseconds before to retry
2020-12-30 01:15:47,212 DEBUG [MxUpdater.lambda$whait_while_busy$12] MxUpdater still busy - await for 50 milliseconds before to retry
2020-12-30 01:15:47,263 DEBUG [MxUpdater.lambda$whait_while_busy$12] MxUpdater still busy - await for 50 milliseconds before to retry
2020-12-30 01:15:47,314 DEBUG [MxUpdater.lambda$whait_while_busy$12] MxUpdater still busy - await for 50 milliseconds before to retry
2020-12-30 01:15:47,365 DEBUG [MxUpdater.lambda$whait_while_busy$12] MxUpdater still busy - await for 50 milliseconds before to retry
2020-12-30 01:15:47,416 DEBUG [MxUpdater.lambda$whait_while_busy$12] MxUpdater still busy - await for 50 milliseconds before to retry
2020-12-30 01:15:47,467 DEBUG [MxUpdater.lambda$whait_while_busy$12] MxUpdater still busy - await for 50 milliseconds before to retry
2020-12-30 01:15:47,517 DEBUG [MxUpdater.lambda$whait_while_busy$12] MxUpdater still busy - await for 50 milliseconds before to retry
2020-12-30 01:15:47,568 DEBUG [MxUpdater.lambda$whait_while_busy$12] MxUpdater still busy - await for 50 milliseconds before to retry
2020-12-30 01:15:47,619 DEBUG [MxUpdater.lambda$whait_while_busy$12] MxUpdater still busy - await for 50 milliseconds before to retry
2020-12-30 01:15:47,670 DEBUG [MxUpdater.lambda$whait_while_busy$12] MxUpdater still busy - await for 50 milliseconds before to retry
2020-12-30 01:15:47,721 DEBUG [MxUpdater.lambda$whait_while_busy$12] MxUpdater still busy - await for 50 milliseconds before to retry
2020-12-30 01:15:47,772 DEBUG [MxUpdater.lambda$whait_while_busy$12] MxUpdater still busy - await for 50 milliseconds before to retry
2020-12-30 01:15:47,823 DEBUG [MxUpdater.lambda$whait_while_busy$12] MxUpdater still busy - await for 50 milliseconds before to retry
2020-12-30 01:15:47,873 DEBUG [MxUpdater.lambda$whait_while_busy$12] MxUpdater still busy - await for 50 milliseconds before to retry
2020-12-30 01:15:47,924 DEBUG [MxUpdater.lambda$whait_while_busy$12] MxUpdater still busy - await for 50 milliseconds before to retry
2020-12-30 01:15:47,975 DEBUG [MxUpdater.lambda$whait_while_busy$12] MxUpdater still busy - await for 50 milliseconds before to retry
2020-12-30 01:15:48,026 DEBUG [MxUpdater.lambda$whait_while_busy$12] MxUpdater still busy - await for 50 milliseconds before to retry
2020-12-30 01:15:48,077 DEBUG [MxUpdater.lambda$whait_while_busy$12] MxUpdater still busy - await for 50 milliseconds before to retry
2020-12-30 01:15:48,128 DEBUG [MxUpdater.lambda$whait_while_busy$12] MxUpdater still busy - await for 50 milliseconds before to retry
2020-12-30 01:15:48,179 DEBUG [MxUpdater.lambda$whait_while_busy$12] MxUpdater still busy - await for 50 milliseconds before to retry
2020-12-30 01:15:48,230 DEBUG [MxUpdater.lambda$whait_while_busy$12] MxUpdater still busy - await for 50 milliseconds before to retry
2020-12-30 01:15:48,280 DEBUG [MxUpdater.lambda$whait_while_busy$12] MxUpdater still busy - await for 50 milliseconds before to retry
2020-12-30 01:15:48,331 DEBUG [MxUpdater.lambda$whait_while_busy$12] MxUpdater still busy - await for 50 milliseconds before to retry
2020-12-30 01:15:48,382 DEBUG [MxUpdater.lambda$whait_while_busy$12] MxUpdater still busy - await for 50 milliseconds before to retry
2020-12-30 01:15:48,433 DEBUG [MxUpdater.lambda$whait_while_busy$12] MxUpdater still busy - await for 50 milliseconds before to retry
2020-12-30 01:15:48,484 DEBUG [MxUpdater.lambda$whait_while_busy$12] MxUpdater still busy - await for 50 milliseconds before to retry
2020-12-30 01:15:48,535 DEBUG [MxUpdater.lambda$whait_while_busy$12] MxUpdater still busy - await for 50 milliseconds before to retry
2020-12-30 01:15:48,586 DEBUG [MxUpdater.lambda$whait_while_busy$12] MxUpdater still busy - await for 50 milliseconds before to retry
2020-12-30 01:15:48,636 DEBUG [MxUpdater.lambda$whait_while_busy$12] MxUpdater still busy - await for 50 milliseconds before to retry
2020-12-30 01:15:48,687 DEBUG [MxUpdater.lambda$whait_while_busy$12] MxUpdater still busy - await for 50 milliseconds before to retry
2020-12-30 01:15:48,738 DEBUG [MxUpdater.lambda$whait_while_busy$12] MxUpdater still busy - await for 50 milliseconds before to retry
2020-12-30 01:15:48,789 DEBUG [MxUpdater.lambda$whait_while_busy$12] MxUpdater still busy - await for 50 milliseconds before to retry
2020-12-30 01:15:48,840 DEBUG [MxUpdater.lambda$whait_while_busy$12] MxUpdater still busy - await for 50 milliseconds before to retry
2020-12-30 01:15:48,891 DEBUG [MxUpdater.lambda$whait_while_busy$12] MxUpdater still busy - await for 50 milliseconds before to retry
2020-12-30 01:15:48,942 DEBUG [MxUpdater.lambda$whait_while_busy$12] MxUpdater still busy - await for 50 milliseconds before to retry
2020-12-30 01:15:48,992 DEBUG [MxUpdater.lambda$whait_while_busy$12] MxUpdater still busy - await for 50 milliseconds before to retry
2020-12-30 01:15:49,043 DEBUG [MxUpdater.lambda$whait_while_busy$12] MxUpdater still busy - await for 50 milliseconds before to retry
2020-12-30 01:15:49,094 DEBUG [MxUpdater.lambda$whait_while_busy$12] MxUpdater still busy - await for 50 milliseconds before to retry
2020-12-30 01:15:49,145 DEBUG [MxUpdater.lambda$whait_while_busy$12] MxUpdater still busy - await for 50 milliseconds before to retry
2020-12-30 01:15:49,196 DEBUG [MxUpdater.lambda$whait_while_busy$12] MxUpdater still busy - await for 50 milliseconds before to retry
2020-12-30 01:15:49,247 DEBUG [MxUpdater.lambda$whait_while_busy$12] MxUpdater still busy - await for 50 milliseconds before to retry
2020-12-30 01:15:49,298 DEBUG [MxUpdater.lambda$whait_while_busy$12] MxUpdater still busy - await for 50 milliseconds before to retry
2020-12-30 01:15:49,349 DEBUG [MxUpdater.lambda$whait_while_busy$12] MxUpdater still busy - await for 50 milliseconds before to retry
2020-12-30 01:15:49,399 DEBUG [MxUpdater.lambda$whait_while_busy$12] MxUpdater still busy - await for 50 milliseconds before to retry
2020-12-30 01:15:49,450 DEBUG [MxUpdater.lambda$whait_while_busy$12] MxUpdater still busy - await for 50 milliseconds before to retry
2020-12-30 01:15:49,501 DEBUG [MxUpdater.lambda$whait_while_busy$12] MxUpdater still busy - await for 50 milliseconds before to retry
2020-12-30 01:15:49,552 DEBUG [MxUpdater.lambda$whait_while_busy$12] MxUpdater still busy - await for 50 milliseconds before to retry
2020-12-30 01:15:49,603 DEBUG [MxUpdater.lambda$whait_while_busy$12] MxUpdater still busy - await for 50 milliseconds before to retry
2020-12-30 01:15:49,654 DEBUG [MxUpdater.lambda$whait_while_busy$12] MxUpdater still busy - await for 50 milliseconds before to retry
2020-12-30 01:15:49,705 DEBUG [MxUpdater.lambda$whait_while_busy$12] MxUpdater still busy - await for 50 milliseconds before to retry
2020-12-30 01:15:49,755 DEBUG [MxUpdater.lambda$whait_while_busy$12] MxUpdater still busy - await for 50 milliseconds before to retry
2020-12-30 01:15:49,806 DEBUG [MxUpdater.lambda$whait_while_busy$12] MxUpdater still busy - await for 50 milliseconds before to retry
2020-12-30 01:15:49,857 DEBUG [MxUpdater.lambda$whait_while_busy$12] MxUpdater still busy - await for 50 milliseconds before to retry
2020-12-30 01:15:49,908 DEBUG [MxUpdater.lambda$whait_while_busy$12] MxUpdater still busy - await for 50 milliseconds before to retry
2020-12-30 01:15:49,959 DEBUG [MxUpdater.lambda$whait_while_busy$12] MxUpdater still busy - await for 50 milliseconds before to retry
2020-12-30 01:15:50,010 DEBUG [MxUpdater.lambda$whait_while_busy$12] MxUpdater still busy - await for 50 milliseconds before to retry
2020-12-30 01:15:50,061 DEBUG [MxUpdater.lambda$whait_while_busy$12] MxUpdater still busy - await for 50 milliseconds before to retry
2020-12-30 01:15:50,111 DEBUG [MxUpdater.lambda$whait_while_busy$12] MxUpdater still busy - await for 50 milliseconds before to retry
2020-12-30 01:15:50,162 DEBUG [MxUpdater.lambda$whait_while_busy$12] MxUpdater still busy - await for 50 milliseconds before to retry
2020-12-30 01:15:50,213 DEBUG [MxUpdater.lambda$whait_while_busy$12] MxUpdater still busy - await for 50 milliseconds before to retry
2020-12-30 01:15:50,264 DEBUG [MxUpdater.lambda$whait_while_busy$12] MxUpdater still busy - await for 50 milliseconds before to retry
2020-12-30 01:15:50,315 DEBUG [MxUpdater.lambda$whait_while_busy$12] MxUpdater still busy - await for 50 milliseconds before to retry
2020-12-30 01:15:50,365 DEBUG [MxUpdater.lambda$whait_while_busy$12] MxUpdater still busy - await for 50 milliseconds before to retry
2020-12-30 01:15:50,416 DEBUG [MxUpdater.lambda$whait_while_busy$12] MxUpdater still busy - await for 50 milliseconds before to retry
2020-12-30 01:15:50,467 DEBUG [MxUpdater.lambda$whait_while_busy$12] MxUpdater still busy - await for 50 milliseconds before to retry
2020-12-30 01:15:50,518 DEBUG [MxUpdater.lambda$whait_while_busy$12] MxUpdater still busy - await for 50 milliseconds before to retry
2020-12-30 01:15:50,569 DEBUG [MxUpdater.lambda$whait_while_busy$12] MxUpdater still busy - await for 50 milliseconds before to retry
2020-12-30 01:15:50,620 DEBUG [MxUpdater.lambda$whait_while_busy$12] MxUpdater still busy - await for 50 milliseconds before to retry
2020-12-30 01:15:50,671 DEBUG [MxUpdater.lambda$whait_while_busy$12] MxUpdater still busy - await for 50 milliseconds before to retry
2020-12-30 01:15:50,721 DEBUG [MxUpdater.lambda$whait_while_busy$12] MxUpdater still busy - await for 50 milliseconds before to retry
2020-12-30 01:15:50,772 DEBUG [MxUpdater.lambda$whait_while_busy$12] MxUpdater still busy - await for 50 milliseconds before to retry
2020-12-30 01:15:50,794 DEBUG [MxUpdater.lambda$wait_bk_initialization$10] sleep interrupted
2020-12-30 01:15:50,795 ERROR [LineInfo_to_exitCode.manage_MCPackNotFound] MotorControl reference pack not found: "../../../../Middlewares/ST/MotorControl"
2020-12-30 01:15:50,816 WARN  [Main.lambda$run$0] Aborted by the user
2020-12-30 01:15:50,816 DEBUG [Main.lambda$run$0] System exists with return code 4
